<?xml version="1.0" encoding="UTF-8"?>
<testsuite xmlns:xsi="http://www.w3.org/2001/XMLSchema-instance" xsi:noNamespaceSchemaLocation="https://maven.apache.org/surefire/maven-surefire-plugin/xsd/surefire-test-report.xsd" name="cucumber.cli.runner.plugin.CucumberRunnerMojoTest" time="0.078" tests="1" errors="0" skipped="0" failures="0">
  <properties>
    <property name="sun.desktop" value="windows"/>
    <property name="awt.toolkit" value="sun.awt.windows.WToolkit"/>
    <property name="file.encoding.pkg" value="sun.io"/>
    <property name="java.specification.version" value="1.8"/>
    <property name="sun.cpu.isalist" value="amd64"/>
    <property name="sun.jnu.encoding" value="Cp1252"/>
    <property name="java.class.path" value="C:\Users\suhail_sullad\cucumber-cli-runner-plugin\cucumber-cli-runner-maven-plugin\target\test-classes;C:\Users\suhail_sullad\cucumber-cli-runner-plugin\cucumber-cli-runner-maven-plugin\target\classes;C:\Users\suhail_sullad\.m2\repository\org\slf4j\slf4j-api\1.7.25\slf4j-api-1.7.25.jar;C:\Users\suhail_sullad\.m2\repository\ch\qos\logback\logback-classic\1.2.3\logback-classic-1.2.3.jar;C:\Users\suhail_sullad\.m2\repository\ch\qos\logback\logback-core\1.2.3\logback-core-1.2.3.jar;C:\Users\suhail_sullad\.m2\repository\com\jayway\jsonpath\json-path\2.4.0\json-path-2.4.0.jar;C:\Users\suhail_sullad\.m2\repository\net\minidev\json-smart\2.3\json-smart-2.3.jar;C:\Users\suhail_sullad\.m2\repository\net\minidev\accessors-smart\1.2\accessors-smart-1.2.jar;C:\Users\suhail_sullad\.m2\repository\org\ow2\asm\asm\5.0.4\asm-5.0.4.jar;C:\Users\suhail_sullad\.m2\repository\org\cfg4j\cfg4j-core\4.4.1\cfg4j-core-4.4.1.jar;C:\Users\suhail_sullad\.m2\repository\org\json\json\20160212\json-20160212.jar;C:\Users\suhail_sullad\.m2\repository\io\dropwizard\metrics\metrics-core\3.1.2\metrics-core-3.1.2.jar;C:\Users\suhail_sullad\.m2\repository\com\github\drapostolos\type-parser\0.5.0\type-parser-0.5.0.jar;C:\Users\suhail_sullad\.m2\repository\org\yaml\snakeyaml\1.17\snakeyaml-1.17.jar;C:\Users\suhail_sullad\.m2\repository\info\cukes\cucumber-java\1.2.5\cucumber-java-1.2.5.jar;C:\Users\suhail_sullad\.m2\repository\info\cukes\cucumber-core\1.2.5\cucumber-core-1.2.5.jar;C:\Users\suhail_sullad\.m2\repository\com\intuit\karate\karate-apache\0.7.0\karate-apache-0.7.0.jar;C:\Users\suhail_sullad\.m2\repository\org\apache\httpcomponents\httpclient\4.5.4\httpclient-4.5.4.jar;C:\Users\suhail_sullad\.m2\repository\org\apache\httpcomponents\httpcore\4.4.7\httpcore-4.4.7.jar;C:\Users\suhail_sullad\.m2\repository\commons-codec\commons-codec\1.10\commons-codec-1.10.jar;C:\Users\suhail_sullad\.m2\repository\org\apache\httpcomponents\httpmime\4.5.4\httpmime-4.5.4.jar;C:\Users\suhail_sullad\.m2\repository\org\slf4j\jcl-over-slf4j\1.7.25\jcl-over-slf4j-1.7.25.jar;C:\Users\suhail_sullad\karatelocal\mykarate\karate\karate-core\target\karate-core-0.7.0.jar;C:\Users\suhail_sullad\.m2\repository\info\cukes\cucumber-jvm-deps\1.0.3\cucumber-jvm-deps-1.0.3.jar;C:\Users\suhail_sullad\.m2\repository\info\cukes\cucumber-picocontainer\1.2.0\cucumber-picocontainer-1.2.0.jar;C:\Users\suhail_sullad\.m2\repository\info\cukes\gherkin\2.12.2\gherkin-2.12.2.jar;C:\Users\suhail_sullad\.m2\repository\org\picocontainer\picocontainer\2.15\picocontainer-2.15.jar;C:\Users\suhail_sullad\.m2\repository\info\cukes\cucumber-html\0.2.3\cucumber-html-0.2.3.jar;C:\Users\suhail_sullad\.m2\repository\joda-time\joda-time\2.9.9\joda-time-2.9.9.jar;C:\Users\suhail_sullad\.m2\repository\com\fasterxml\jackson\core\jackson-annotations\2.9.0\jackson-annotations-2.9.0.jar;C:\Users\suhail_sullad\.m2\repository\com\fasterxml\jackson\core\jackson-core\2.9.0\jackson-core-2.9.0.jar;C:\Users\suhail_sullad\.m2\repository\com\fasterxml\jackson\core\jackson-databind\2.9.0\jackson-databind-2.9.0.jar;C:\Users\suhail_sullad\.m2\repository\net\masterthought\cucumber-reporting\3.13.0\cucumber-reporting-3.13.0.jar;C:\Users\suhail_sullad\.m2\repository\org\apache\logging\log4j\log4j-api\2.8.2\log4j-api-2.8.2.jar;C:\Users\suhail_sullad\.m2\repository\org\apache\logging\log4j\log4j-core\2.8.2\log4j-core-2.8.2.jar;C:\Users\suhail_sullad\.m2\repository\org\apache\velocity\velocity\1.7\velocity-1.7.jar;C:\Users\suhail_sullad\.m2\repository\commons-collections\commons-collections\3.2.1\commons-collections-3.2.1.jar;C:\Users\suhail_sullad\.m2\repository\commons-lang\commons-lang\2.4\commons-lang-2.4.jar;C:\Users\suhail_sullad\.m2\repository\velocity-tools\velocity-tools\1.4\velocity-tools-1.4.jar;C:\Users\suhail_sullad\.m2\repository\org\apache\commons\commons-lang3\3.6\commons-lang3-3.6.jar;C:\Users\suhail_sullad\.m2\repository\commons-io\commons-io\2.5\commons-io-2.5.jar;C:\Users\suhail_sullad\.m2\repository\net\lingala\zip4j\zip4j\1.3.2\zip4j-1.3.2.jar;C:\Users\suhail_sullad\.m2\repository\org\codehaus\plexus\plexus-utils\3.0.24\plexus-utils-3.0.24.jar;C:\Users\suhail_sullad\.m2\repository\org\jsoup\jsoup\1.10.3\jsoup-1.10.3.jar;C:\Users\suhail_sullad\.m2\repository\com\googlecode\owasp-java-html-sanitizer\owasp-java-html-sanitizer\20170515.1\owasp-java-html-sanitizer-20170515.1.jar;C:\Users\suhail_sullad\.m2\repository\com\google\guava\guava\20.0\guava-20.0.jar;C:\Users\suhail_sullad\.m2\repository\commons-configuration\commons-configuration\1.6\commons-configuration-1.6.jar;C:\Users\suhail_sullad\.m2\repository\commons-logging\commons-logging\1.1.1\commons-logging-1.1.1.jar;C:\Users\suhail_sullad\.m2\repository\commons-digester\commons-digester\1.8\commons-digester-1.8.jar;C:\Users\suhail_sullad\.m2\repository\commons-beanutils\commons-beanutils\1.7.0\commons-beanutils-1.7.0.jar;C:\Users\suhail_sullad\.m2\repository\commons-beanutils\commons-beanutils-core\1.8.0\commons-beanutils-core-1.8.0.jar;C:\Users\suhail_sullad\.m2\repository\org\apache\maven\maven-plugin-api\3.3.9\maven-plugin-api-3.3.9.jar;C:\Users\suhail_sullad\.m2\repository\org\apache\maven\maven-model\3.3.9\maven-model-3.3.9.jar;C:\Users\suhail_sullad\.m2\repository\org\eclipse\sisu\org.eclipse.sisu.plexus\0.3.2\org.eclipse.sisu.plexus-0.3.2.jar;C:\Users\suhail_sullad\.m2\repository\javax\enterprise\cdi-api\1.0\cdi-api-1.0.jar;C:\Users\suhail_sullad\.m2\repository\javax\annotation\jsr250-api\1.0\jsr250-api-1.0.jar;C:\Users\suhail_sullad\.m2\repository\org\eclipse\sisu\org.eclipse.sisu.inject\0.3.2\org.eclipse.sisu.inject-0.3.2.jar;C:\Users\suhail_sullad\.m2\repository\org\apache\maven\maven-core\3.3.9\maven-core-3.3.9.jar;C:\Users\suhail_sullad\.m2\repository\org\apache\maven\maven-settings\3.3.9\maven-settings-3.3.9.jar;C:\Users\suhail_sullad\.m2\repository\org\apache\maven\maven-settings-builder\3.3.9\maven-settings-builder-3.3.9.jar;C:\Users\suhail_sullad\.m2\repository\org\apache\maven\maven-builder-support\3.3.9\maven-builder-support-3.3.9.jar;C:\Users\suhail_sullad\.m2\repository\org\apache\maven\maven-repository-metadata\3.3.9\maven-repository-metadata-3.3.9.jar;C:\Users\suhail_sullad\.m2\repository\org\apache\maven\maven-model-builder\3.3.9\maven-model-builder-3.3.9.jar;C:\Users\suhail_sullad\.m2\repository\org\apache\maven\maven-aether-provider\3.3.9\maven-aether-provider-3.3.9.jar;C:\Users\suhail_sullad\.m2\repository\org\eclipse\aether\aether-spi\1.0.2.v20150114\aether-spi-1.0.2.v20150114.jar;C:\Users\suhail_sullad\.m2\repository\org\eclipse\aether\aether-impl\1.0.2.v20150114\aether-impl-1.0.2.v20150114.jar;C:\Users\suhail_sullad\.m2\repository\org\eclipse\aether\aether-api\1.0.2.v20150114\aether-api-1.0.2.v20150114.jar;C:\Users\suhail_sullad\.m2\repository\org\eclipse\aether\aether-util\1.0.2.v20150114\aether-util-1.0.2.v20150114.jar;C:\Users\suhail_sullad\.m2\repository\com\google\inject\guice\4.0\guice-4.0-no_aop.jar;C:\Users\suhail_sullad\.m2\repository\javax\inject\javax.inject\1\javax.inject-1.jar;C:\Users\suhail_sullad\.m2\repository\aopalliance\aopalliance\1.0\aopalliance-1.0.jar;C:\Users\suhail_sullad\.m2\repository\org\codehaus\plexus\plexus-interpolation\1.21\plexus-interpolation-1.21.jar;C:\Users\suhail_sullad\.m2\repository\org\codehaus\plexus\plexus-classworlds\2.5.2\plexus-classworlds-2.5.2.jar;C:\Users\suhail_sullad\.m2\repository\org\codehaus\plexus\plexus-component-annotations\1.6\plexus-component-annotations-1.6.jar;C:\Users\suhail_sullad\.m2\repository\org\sonatype\plexus\plexus-sec-dispatcher\1.3\plexus-sec-dispatcher-1.3.jar;C:\Users\suhail_sullad\.m2\repository\org\sonatype\plexus\plexus-cipher\1.4\plexus-cipher-1.4.jar;C:\Users\suhail_sullad\.m2\repository\org\apache\maven\maven-artifact\3.3.9\maven-artifact-3.3.9.jar;C:\Users\suhail_sullad\.m2\repository\org\apache\maven\maven-compat\3.3.9\maven-compat-3.3.9.jar;C:\Users\suhail_sullad\.m2\repository\org\apache\maven\wagon\wagon-provider-api\2.10\wagon-provider-api-2.10.jar;C:\Users\suhail_sullad\.m2\repository\org\apache\maven\plugin-tools\maven-plugin-annotations\3.5.1\maven-plugin-annotations-3.5.1.jar;C:\Users\suhail_sullad\.m2\repository\junit\junit\4.12\junit-4.12.jar;C:\Users\suhail_sullad\.m2\repository\org\hamcrest\hamcrest-core\1.3\hamcrest-core-1.3.jar;C:\Users\suhail_sullad\.m2\repository\org\apache\maven\plugin-testing\maven-plugin-testing-harness\3.3.0\maven-plugin-testing-harness-3.3.0.jar;C:\Users\suhail_sullad\.m2\repository\org\codehaus\plexus\plexus-archiver\2.2\plexus-archiver-2.2.jar;C:\Users\suhail_sullad\.m2\repository\org\codehaus\plexus\plexus-container-default\1.0-alpha-9-stable-1\plexus-container-default-1.0-alpha-9-stable-1.jar;C:\Users\suhail_sullad\.m2\repository\classworlds\classworlds\1.1-alpha-2\classworlds-1.1-alpha-2.jar;C:\Users\suhail_sullad\.m2\repository\org\codehaus\plexus\plexus-io\2.0.4\plexus-io-2.0.4.jar;"/>
    <property name="java.vm.vendor" value="Oracle Corporation"/>
    <property name="sun.arch.data.model" value="64"/>
    <property name="user.variant" value=""/>
    <property name="java.vendor.url" value="http://java.oracle.com/"/>
    <property name="user.timezone" value=""/>
    <property name="java.vm.specification.version" value="1.8"/>
    <property name="os.name" value="Windows 10"/>
    <property name="user.country" value="IN"/>
    <property name="sun.java.launcher" value="SUN_STANDARD"/>
    <property name="sun.boot.library.path" value="C:\Program Files\Java\jdk1.8.0_172\jre\bin"/>
    <property name="sun.java.command" value="C:\Users\SUHAIL~1\AppData\Local\Temp\surefire1101872881537437822\surefirebooter4394017999134883865.jar C:\Users\suhail_sullad\AppData\Local\Temp\surefire1101872881537437822 2018-06-01T18-09-15_268-jvmRun1 surefire2690456991279512724tmp surefire_05591422922844930322tmp"/>
    <property name="surefire.test.class.path" value="C:\Users\suhail_sullad\cucumber-cli-runner-plugin\cucumber-cli-runner-maven-plugin\target\test-classes;C:\Users\suhail_sullad\cucumber-cli-runner-plugin\cucumber-cli-runner-maven-plugin\target\classes;C:\Users\suhail_sullad\.m2\repository\org\slf4j\slf4j-api\1.7.25\slf4j-api-1.7.25.jar;C:\Users\suhail_sullad\.m2\repository\ch\qos\logback\logback-classic\1.2.3\logback-classic-1.2.3.jar;C:\Users\suhail_sullad\.m2\repository\ch\qos\logback\logback-core\1.2.3\logback-core-1.2.3.jar;C:\Users\suhail_sullad\.m2\repository\com\jayway\jsonpath\json-path\2.4.0\json-path-2.4.0.jar;C:\Users\suhail_sullad\.m2\repository\net\minidev\json-smart\2.3\json-smart-2.3.jar;C:\Users\suhail_sullad\.m2\repository\net\minidev\accessors-smart\1.2\accessors-smart-1.2.jar;C:\Users\suhail_sullad\.m2\repository\org\ow2\asm\asm\5.0.4\asm-5.0.4.jar;C:\Users\suhail_sullad\.m2\repository\org\cfg4j\cfg4j-core\4.4.1\cfg4j-core-4.4.1.jar;C:\Users\suhail_sullad\.m2\repository\org\json\json\20160212\json-20160212.jar;C:\Users\suhail_sullad\.m2\repository\io\dropwizard\metrics\metrics-core\3.1.2\metrics-core-3.1.2.jar;C:\Users\suhail_sullad\.m2\repository\com\github\drapostolos\type-parser\0.5.0\type-parser-0.5.0.jar;C:\Users\suhail_sullad\.m2\repository\org\yaml\snakeyaml\1.17\snakeyaml-1.17.jar;C:\Users\suhail_sullad\.m2\repository\info\cukes\cucumber-java\1.2.5\cucumber-java-1.2.5.jar;C:\Users\suhail_sullad\.m2\repository\info\cukes\cucumber-core\1.2.5\cucumber-core-1.2.5.jar;C:\Users\suhail_sullad\.m2\repository\com\intuit\karate\karate-apache\0.7.0\karate-apache-0.7.0.jar;C:\Users\suhail_sullad\.m2\repository\org\apache\httpcomponents\httpclient\4.5.4\httpclient-4.5.4.jar;C:\Users\suhail_sullad\.m2\repository\org\apache\httpcomponents\httpcore\4.4.7\httpcore-4.4.7.jar;C:\Users\suhail_sullad\.m2\repository\commons-codec\commons-codec\1.10\commons-codec-1.10.jar;C:\Users\suhail_sullad\.m2\repository\org\apache\httpcomponents\httpmime\4.5.4\httpmime-4.5.4.jar;C:\Users\suhail_sullad\.m2\repository\org\slf4j\jcl-over-slf4j\1.7.25\jcl-over-slf4j-1.7.25.jar;C:\Users\suhail_sullad\karatelocal\mykarate\karate\karate-core\target\karate-core-0.7.0.jar;C:\Users\suhail_sullad\.m2\repository\info\cukes\cucumber-jvm-deps\1.0.3\cucumber-jvm-deps-1.0.3.jar;C:\Users\suhail_sullad\.m2\repository\info\cukes\cucumber-picocontainer\1.2.0\cucumber-picocontainer-1.2.0.jar;C:\Users\suhail_sullad\.m2\repository\info\cukes\gherkin\2.12.2\gherkin-2.12.2.jar;C:\Users\suhail_sullad\.m2\repository\org\picocontainer\picocontainer\2.15\picocontainer-2.15.jar;C:\Users\suhail_sullad\.m2\repository\info\cukes\cucumber-html\0.2.3\cucumber-html-0.2.3.jar;C:\Users\suhail_sullad\.m2\repository\joda-time\joda-time\2.9.9\joda-time-2.9.9.jar;C:\Users\suhail_sullad\.m2\repository\com\fasterxml\jackson\core\jackson-annotations\2.9.0\jackson-annotations-2.9.0.jar;C:\Users\suhail_sullad\.m2\repository\com\fasterxml\jackson\core\jackson-core\2.9.0\jackson-core-2.9.0.jar;C:\Users\suhail_sullad\.m2\repository\com\fasterxml\jackson\core\jackson-databind\2.9.0\jackson-databind-2.9.0.jar;C:\Users\suhail_sullad\.m2\repository\net\masterthought\cucumber-reporting\3.13.0\cucumber-reporting-3.13.0.jar;C:\Users\suhail_sullad\.m2\repository\org\apache\logging\log4j\log4j-api\2.8.2\log4j-api-2.8.2.jar;C:\Users\suhail_sullad\.m2\repository\org\apache\logging\log4j\log4j-core\2.8.2\log4j-core-2.8.2.jar;C:\Users\suhail_sullad\.m2\repository\org\apache\velocity\velocity\1.7\velocity-1.7.jar;C:\Users\suhail_sullad\.m2\repository\commons-collections\commons-collections\3.2.1\commons-collections-3.2.1.jar;C:\Users\suhail_sullad\.m2\repository\commons-lang\commons-lang\2.4\commons-lang-2.4.jar;C:\Users\suhail_sullad\.m2\repository\velocity-tools\velocity-tools\1.4\velocity-tools-1.4.jar;C:\Users\suhail_sullad\.m2\repository\org\apache\commons\commons-lang3\3.6\commons-lang3-3.6.jar;C:\Users\suhail_sullad\.m2\repository\commons-io\commons-io\2.5\commons-io-2.5.jar;C:\Users\suhail_sullad\.m2\repository\net\lingala\zip4j\zip4j\1.3.2\zip4j-1.3.2.jar;C:\Users\suhail_sullad\.m2\repository\org\codehaus\plexus\plexus-utils\3.0.24\plexus-utils-3.0.24.jar;C:\Users\suhail_sullad\.m2\repository\org\jsoup\jsoup\1.10.3\jsoup-1.10.3.jar;C:\Users\suhail_sullad\.m2\repository\com\googlecode\owasp-java-html-sanitizer\owasp-java-html-sanitizer\20170515.1\owasp-java-html-sanitizer-20170515.1.jar;C:\Users\suhail_sullad\.m2\repository\com\google\guava\guava\20.0\guava-20.0.jar;C:\Users\suhail_sullad\.m2\repository\commons-configuration\commons-configuration\1.6\commons-configuration-1.6.jar;C:\Users\suhail_sullad\.m2\repository\commons-logging\commons-logging\1.1.1\commons-logging-1.1.1.jar;C:\Users\suhail_sullad\.m2\repository\commons-digester\commons-digester\1.8\commons-digester-1.8.jar;C:\Users\suhail_sullad\.m2\repository\commons-beanutils\commons-beanutils\1.7.0\commons-beanutils-1.7.0.jar;C:\Users\suhail_sullad\.m2\repository\commons-beanutils\commons-beanutils-core\1.8.0\commons-beanutils-core-1.8.0.jar;C:\Users\suhail_sullad\.m2\repository\org\apache\maven\maven-plugin-api\3.3.9\maven-plugin-api-3.3.9.jar;C:\Users\suhail_sullad\.m2\repository\org\apache\maven\maven-model\3.3.9\maven-model-3.3.9.jar;C:\Users\suhail_sullad\.m2\repository\org\eclipse\sisu\org.eclipse.sisu.plexus\0.3.2\org.eclipse.sisu.plexus-0.3.2.jar;C:\Users\suhail_sullad\.m2\repository\javax\enterprise\cdi-api\1.0\cdi-api-1.0.jar;C:\Users\suhail_sullad\.m2\repository\javax\annotation\jsr250-api\1.0\jsr250-api-1.0.jar;C:\Users\suhail_sullad\.m2\repository\org\eclipse\sisu\org.eclipse.sisu.inject\0.3.2\org.eclipse.sisu.inject-0.3.2.jar;C:\Users\suhail_sullad\.m2\repository\org\apache\maven\maven-core\3.3.9\maven-core-3.3.9.jar;C:\Users\suhail_sullad\.m2\repository\org\apache\maven\maven-settings\3.3.9\maven-settings-3.3.9.jar;C:\Users\suhail_sullad\.m2\repository\org\apache\maven\maven-settings-builder\3.3.9\maven-settings-builder-3.3.9.jar;C:\Users\suhail_sullad\.m2\repository\org\apache\maven\maven-builder-support\3.3.9\maven-builder-support-3.3.9.jar;C:\Users\suhail_sullad\.m2\repository\org\apache\maven\maven-repository-metadata\3.3.9\maven-repository-metadata-3.3.9.jar;C:\Users\suhail_sullad\.m2\repository\org\apache\maven\maven-model-builder\3.3.9\maven-model-builder-3.3.9.jar;C:\Users\suhail_sullad\.m2\repository\org\apache\maven\maven-aether-provider\3.3.9\maven-aether-provider-3.3.9.jar;C:\Users\suhail_sullad\.m2\repository\org\eclipse\aether\aether-spi\1.0.2.v20150114\aether-spi-1.0.2.v20150114.jar;C:\Users\suhail_sullad\.m2\repository\org\eclipse\aether\aether-impl\1.0.2.v20150114\aether-impl-1.0.2.v20150114.jar;C:\Users\suhail_sullad\.m2\repository\org\eclipse\aether\aether-api\1.0.2.v20150114\aether-api-1.0.2.v20150114.jar;C:\Users\suhail_sullad\.m2\repository\org\eclipse\aether\aether-util\1.0.2.v20150114\aether-util-1.0.2.v20150114.jar;C:\Users\suhail_sullad\.m2\repository\com\google\inject\guice\4.0\guice-4.0-no_aop.jar;C:\Users\suhail_sullad\.m2\repository\javax\inject\javax.inject\1\javax.inject-1.jar;C:\Users\suhail_sullad\.m2\repository\aopalliance\aopalliance\1.0\aopalliance-1.0.jar;C:\Users\suhail_sullad\.m2\repository\org\codehaus\plexus\plexus-interpolation\1.21\plexus-interpolation-1.21.jar;C:\Users\suhail_sullad\.m2\repository\org\codehaus\plexus\plexus-classworlds\2.5.2\plexus-classworlds-2.5.2.jar;C:\Users\suhail_sullad\.m2\repository\org\codehaus\plexus\plexus-component-annotations\1.6\plexus-component-annotations-1.6.jar;C:\Users\suhail_sullad\.m2\repository\org\sonatype\plexus\plexus-sec-dispatcher\1.3\plexus-sec-dispatcher-1.3.jar;C:\Users\suhail_sullad\.m2\repository\org\sonatype\plexus\plexus-cipher\1.4\plexus-cipher-1.4.jar;C:\Users\suhail_sullad\.m2\repository\org\apache\maven\maven-artifact\3.3.9\maven-artifact-3.3.9.jar;C:\Users\suhail_sullad\.m2\repository\org\apache\maven\maven-compat\3.3.9\maven-compat-3.3.9.jar;C:\Users\suhail_sullad\.m2\repository\org\apache\maven\wagon\wagon-provider-api\2.10\wagon-provider-api-2.10.jar;C:\Users\suhail_sullad\.m2\repository\org\apache\maven\plugin-tools\maven-plugin-annotations\3.5.1\maven-plugin-annotations-3.5.1.jar;C:\Users\suhail_sullad\.m2\repository\junit\junit\4.12\junit-4.12.jar;C:\Users\suhail_sullad\.m2\repository\org\hamcrest\hamcrest-core\1.3\hamcrest-core-1.3.jar;C:\Users\suhail_sullad\.m2\repository\org\apache\maven\plugin-testing\maven-plugin-testing-harness\3.3.0\maven-plugin-testing-harness-3.3.0.jar;C:\Users\suhail_sullad\.m2\repository\org\codehaus\plexus\plexus-archiver\2.2\plexus-archiver-2.2.jar;C:\Users\suhail_sullad\.m2\repository\org\codehaus\plexus\plexus-container-default\1.0-alpha-9-stable-1\plexus-container-default-1.0-alpha-9-stable-1.jar;C:\Users\suhail_sullad\.m2\repository\classworlds\classworlds\1.1-alpha-2\classworlds-1.1-alpha-2.jar;C:\Users\suhail_sullad\.m2\repository\org\codehaus\plexus\plexus-io\2.0.4\plexus-io-2.0.4.jar;"/>
    <property name="sun.cpu.endian" value="little"/>
    <property name="user.home" value="C:\Users\suhail_sullad"/>
    <property name="user.language" value="en"/>
    <property name="java.specification.vendor" value="Oracle Corporation"/>
    <property name="java.home" value="C:\Program Files\Java\jdk1.8.0_172\jre"/>
    <property name="basedir" value="C:\Users\suhail_sullad\cucumber-cli-runner-plugin\cucumber-cli-runner-maven-plugin"/>
    <property name="file.separator" value="\"/>
    <property name="line.separator" value="&#10;"/>
    <property name="java.vm.specification.vendor" value="Oracle Corporation"/>
    <property name="java.specification.name" value="Java Platform API Specification"/>
    <property name="java.awt.graphicsenv" value="sun.awt.Win32GraphicsEnvironment"/>
    <property name="surefire.real.class.path" value="C:\Users\SUHAIL~1\AppData\Local\Temp\surefire1101872881537437822\surefirebooter4394017999134883865.jar"/>
    <property name="sun.boot.class.path" value="C:\Program Files\Java\jdk1.8.0_172\jre\lib\resources.jar;C:\Program Files\Java\jdk1.8.0_172\jre\lib\rt.jar;C:\Program Files\Java\jdk1.8.0_172\jre\lib\sunrsasign.jar;C:\Program Files\Java\jdk1.8.0_172\jre\lib\jsse.jar;C:\Program Files\Java\jdk1.8.0_172\jre\lib\jce.jar;C:\Program Files\Java\jdk1.8.0_172\jre\lib\charsets.jar;C:\Program Files\Java\jdk1.8.0_172\jre\lib\jfr.jar;C:\Program Files\Java\jdk1.8.0_172\jre\classes"/>
    <property name="user.script" value=""/>
    <property name="sun.management.compiler" value="HotSpot 64-Bit Tiered Compilers"/>
    <property name="java.runtime.version" value="1.8.0_172-b11"/>
    <property name="user.name" value="Suhail_Sullad"/>
    <property name="path.separator" value=";"/>
    <property name="os.version" value="10.0"/>
    <property name="java.endorsed.dirs" value="C:\Program Files\Java\jdk1.8.0_172\jre\lib\endorsed"/>
    <property name="java.runtime.name" value="Java(TM) SE Runtime Environment"/>
    <property name="file.encoding" value="Cp1252"/>
    <property name="java.vm.name" value="Java HotSpot(TM) 64-Bit Server VM"/>
    <property name="localRepository" value="C:\Users\suhail_sullad\.m2\repository"/>
    <property name="java.vendor.url.bug" value="http://bugreport.sun.com/bugreport/"/>
    <property name="java.io.tmpdir" value="C:\Users\SUHAIL~1\AppData\Local\Temp\"/>
    <property name="java.version" value="1.8.0_172"/>
    <property name="user.dir" value="C:\Users\suhail_sullad\cucumber-cli-runner-plugin\cucumber-cli-runner-maven-plugin"/>
    <property name="os.arch" value="amd64"/>
    <property name="java.vm.specification.name" value="Java Virtual Machine Specification"/>
    <property name="java.awt.printerjob" value="sun.awt.windows.WPrinterJob"/>
    <property name="sun.os.patch.level" value=""/>
    <property name="java.library.path" value="C:\Program Files\Java\jdk1.8.0_172\jre\bin;C:\windows\Sun\Java\bin;C:\windows\system32;C:\windows;C:\Python36\Scripts\;C:\Python36\;C:\Program Files (x86)\Common Files\Oracle\Java\javapath;C:\Program Files\Docker\Docker\Resources\bin;C:\ProgramData\Oracle\Java\javapath;C:\windows\system32;C:\windows;C:\windows\System32\Wbem;C:\windows\System32\WindowsPowerShell\v1.0\;C:\Program Files (x86)\Box\Box Edit\;C:\Program Files (x86)\Sennheiser\SoftphoneSDK\;C:\Program Files\Git\cmd;C:\Program Files (x86)\WebEx\Productivity Tools;C:\Program Files (x86)\Symantec\VIP Access Client\;C:\Program Files\Intel\WiFi\bin\;C:\Program Files\Common Files\Intel\WirelessCommon\;C:\Users\suhail_sullad\AppData\Local\Microsoft\WindowsApps;C:\Program Files\Microsoft VS Code\bin;C:\apache-maven-3.5.3-bin\\bin;C:\Program Files\Java\jdk1.8.0_172\bin;C:\Program Files\Intel\WiFi\bin\;C:\Program Files\Common Files\Intel\WirelessCommon\;C:\apache-ant-1.10.3-bin\\bin;;."/>
    <property name="java.vm.info" value="mixed mode"/>
    <property name="java.vendor" value="Oracle Corporation"/>
    <property name="java.vm.version" value="25.172-b11"/>
    <property name="java.ext.dirs" value="C:\Program Files\Java\jdk1.8.0_172\jre\lib\ext;C:\windows\Sun\Java\lib\ext"/>
    <property name="sun.io.unicode.encoding" value="UnicodeLittle"/>
    <property name="java.class.version" value="52.0"/>
  </properties>
  <testcase name="testScenario" classname="cucumber.cli.runner.plugin.CucumberRunnerMojoTest" time="0.002"/>
</testsuite>